<?xml version="1.0" encoding="UTF-8"?>
<testsuite name="com.example.zajecia2.TestMyCarService" tests="1" skipped="0" failures="1" errors="0" timestamp="2024-12-02T08:39:34" hostname="GDA303-12" time="1.204">
  <properties/>
  <testcase name="testUpdateAuto_whenAutoExists()" classname="com.example.zajecia2.TestMyCarService" time="1.204">
    <failure message="org.mockito.exceptions.verification.TooManyActualInvocations: &#10;autoRepository.save(&#10;    &lt;any com.example.zajecia2.model.Auto&gt;&#10;);&#10;Wanted 1 time:&#10;-&gt; at com.example.zajecia2.TestMyCarService.testUpdateAuto_whenAutoExists(TestMyCarService.java:114)&#10;But was 3 times:&#10;-&gt; at com.example.zajecia2.services.AutoService.&lt;init&gt;(AutoService.java:33)&#10;-&gt; at com.example.zajecia2.services.AutoService.&lt;init&gt;(AutoService.java:34)&#10;-&gt; at com.example.zajecia2.services.AutoService.&lt;init&gt;(AutoService.java:35)&#10;&#10;" type="org.mockito.exceptions.verification.TooManyActualInvocations">org.mockito.exceptions.verification.TooManyActualInvocations: 
autoRepository.save(
    &lt;any com.example.zajecia2.model.Auto&gt;
);
Wanted 1 time:
-&gt; at com.example.zajecia2.TestMyCarService.testUpdateAuto_whenAutoExists(TestMyCarService.java:114)
But was 3 times:
-&gt; at com.example.zajecia2.services.AutoService.&lt;init&gt;(AutoService.java:33)
-&gt; at com.example.zajecia2.services.AutoService.&lt;init&gt;(AutoService.java:34)
-&gt; at com.example.zajecia2.services.AutoService.&lt;init&gt;(AutoService.java:35)


	at app//com.example.zajecia2.TestMyCarService.testUpdateAuto_whenAutoExists(TestMyCarService.java:114)
	at java.base@21.0.4/java.lang.reflect.Method.invoke(Method.java:580)
	at java.base@21.0.4/java.util.ArrayList.forEach(ArrayList.java:1596)
	at java.base@21.0.4/java.util.ArrayList.forEach(ArrayList.java:1596)
</failure>
  </testcase>
  <system-out><![CDATA[nie podano dobrego id!
]]></system-out>
  <system-err><![CDATA[WARNING: A Java agent has been loaded dynamically (C:\Users\s30399\.gradle\caches\modules-2\files-2.1\net.bytebuddy\byte-buddy-agent\1.14.19\154da3a65b4f4a909d3e5bdec55d1b2b4cbb6ce1\byte-buddy-agent-1.14.19.jar)
WARNING: If a serviceability tool is in use, please run with -XX:+EnableDynamicAgentLoading to hide this warning
WARNING: If a serviceability tool is not in use, please run with -Djdk.instrument.traceUsage for more information
WARNING: Dynamic loading of agents will be disallowed by default in a future release
]]></system-err>
</testsuite>
